{"C:\\Users\\Dennis\\Documents\\Microverse_projects\\pizza-shop-microverse\\src\\modules\\addNum.js": {"path":"C:\\Users\\Dennis\\Documents\\Microverse_projects\\pizza-shop-microverse\\src\\modules\\addNum.js","statementMap":{"0":{"start":{"line":1,"column":18},"end":{"line":1,"column":33}},"1":{"start":{"line":1,"column":28},"end":{"line":1,"column":33}},"2":{"start":{"line":2,"column":0},"end":{"line":2,"column":18}}},"fnMap":{"0":{"name":"(anonymous_0)","decl":{"start":{"line":1,"column":18},"end":{"line":1,"column":19}},"loc":{"start":{"line":1,"column":28},"end":{"line":1,"column":33}},"line":1}},"branchMap":{},"s":{"0":1,"1":2,"2":1},"f":{"0":2},"b":{},"_coverageSchema":"1a1c01bbd47fc00a2c39e90264f33305004495a9","hash":"86141b948283d1f12a70746563c46acfdadf9d97"}
}
